

FATAL ERROR:  Unhandled Access Violation Reading 0x3a27938 Exception at 6488a4afh

11/30/2012 at 16:04:43.213  Drawing: 
-------------


FATAL ERROR:  Unhandled Access Violation Reading 0x3a27938 Exception at 6488a4afh

11/30/2012 at 16:06:10.538  Drawing: 
-------------


FATAL ERROR:  Unhandled Access Violation Reading 0x3927938 Exception at 6488a4afh

11/30/2012 at 16:08:15.598  Drawing: 
-------------


FATAL ERROR:  Unhandled Access Violation Reading 0x3a27938 Exception at 6488a4afh

12/03/2012 at 08:59:51.060  Drawing: 
-------------


FATAL ERROR:  Unhandled Access Violation Reading 0x3927938 Exception at 6488a4afh

12/03/2012 at 09:05:28.365  Drawing: 
-------------


FATAL ERROR:  Unhandled Access Violation Reading 0x3a27938 Exception at 6488a4afh

12/03/2012 at 09:06:45.556  Drawing: 
-------------


FATAL ERROR:  Unhandled Access Violation Reading 0x3927938 Exception at 6488a4afh

12/03/2012 at 09:07:28.998  Drawing: 
-------------


FATAL ERROR:  Unhandled Access Violation Reading 0x3a27938 Exception at 6488a4afh

12/03/2012 at 09:14:57.263  Drawing: 
-------------


FATAL ERROR:  Unhandled Access Violation Reading 0x3927938 Exception at 6488a4afh

12/03/2012 at 10:28:14.552  Drawing: 
-------------


FATAL ERROR:  Unhandled Access Violation Reading 0x3927938 Exception at 6488a4afh

12/03/2012 at 10:31:25.176  Drawing: 
-------------


FATAL ERROR:  Unhandled Access Violation Reading 0x3a27938 Exception at 6488a4afh

12/03/2012 at 10:38:45.249  Drawing: 
-------------


FATAL ERROR:  Unhandled Access Violation Reading 0x3927938 Exception at 6488a4afh

12/03/2012 at 10:43:46.963  Drawing: 
-------------


FATAL ERROR:  Unhandled Access Violation Reading 0x3a27938 Exception at 6488a4afh

12/03/2012 at 10:54:49.756  Drawing: 
-------------


FATAL ERROR:  Unhandled Access Violation Reading 0x3927938 Exception at 6488a4afh

12/03/2012 at 11:05:53.099  Drawing: 
-------------


FATAL ERROR:  Unhandled e0434f4dh Exception at 7c80bee7h

12/03/2012 at 11:47:05.104  Drawing: Drawing1.dwg
-------------
